2024-12-01 18:20:02.271888 - server Program started
2024-12-01 18:20:02.271952 - server Preparing paths and directories
2024-12-01 18:20:02.274733 - Setting up WebDriver
2024-12-01 18:20:02.509530 - Logged in and navigating to the download page
2024-12-01 18:21:01.915703 - File renamed successfully
2024-12-01 18:21:07.916059 - server Processing and analyzing data
2024-12-01 18:21:09.259212 - No_updates- no need to send any emails
2024-12-01 18:21:09.259287 - notification_schedule_organization-has been successfully completed.
2024-12-01 18:21:09.259318 - server Program finished successfully
2024-12-01 18:21:09.259345 - notification_schedule_organization-has been successfully completed.
2024-12-01 18:21:09.259699 - File renamed successfully
2024-12-02 15:20:02.142703 - server Program started
2024-12-02 15:20:02.143809 - server Preparing paths and directories
2024-12-02 15:20:02.144009 - Setting up WebDriver
2024-12-02 15:20:02.373261 - Logged in and navigating to the download page
2024-12-02 15:21:02.530790 - File renamed successfully
2024-12-02 15:21:08.531446 - server Processing and analyzing data
2024-12-02 15:21:09.859164 - No_updates- no need to send any emails
2024-12-02 15:21:09.859229 - notification_schedule_organization-has been successfully completed.
2024-12-02 15:21:09.859259 - server Program finished successfully
2024-12-02 15:21:09.859285 - notification_schedule_organization-has been successfully completed.
2024-12-02 15:21:09.859478 - File renamed successfully
2024-12-02 18:20:01.863937 - server Program started
2024-12-02 18:20:01.864006 - server Preparing paths and directories
2024-12-02 18:20:01.864082 - Setting up WebDriver
2024-12-02 18:20:02.077176 - Logged in and navigating to the download page
2024-12-02 18:21:02.074868 - File renamed successfully
2024-12-02 18:21:08.075524 - server Processing and analyzing data
2024-12-02 18:21:09.390960 - No_updates- no need to send any emails
2024-12-02 18:21:09.391027 - notification_schedule_organization-has been successfully completed.
2024-12-02 18:21:09.391056 - server Program finished successfully
2024-12-02 18:21:09.391082 - notification_schedule_organization-has been successfully completed.
2024-12-02 18:21:09.391324 - File renamed successfully
2024-12-03 15:20:02.256095 - server Program started
2024-12-03 15:20:02.256701 - server Preparing paths and directories
2024-12-03 15:20:02.256772 - Setting up WebDriver
2024-12-03 15:20:02.463083 - Logged in and navigating to the download page
2024-12-03 15:21:01.179577 - File renamed successfully
2024-12-03 15:21:07.179904 - server Processing and analyzing data
2024-12-03 15:21:08.602720 - No_updates- no need to send any emails
2024-12-03 15:21:08.602773 - notification_schedule_organization-has been successfully completed.
2024-12-03 15:21:08.602816 - server Program finished successfully
2024-12-03 15:21:08.602836 - notification_schedule_organization-has been successfully completed.
2024-12-03 15:21:08.603015 - File renamed successfully
2024-12-03 18:20:01.526718 - server Program started
2024-12-03 18:20:01.526769 - server Preparing paths and directories
2024-12-03 18:20:01.526840 - Setting up WebDriver
2024-12-03 18:20:01.735433 - Logged in and navigating to the download page
2024-12-03 18:20:59.197696 - File renamed successfully
2024-12-03 18:21:05.197972 - server Processing and analyzing data
2024-12-03 18:21:06.505199 - No_updates- no need to send any emails
2024-12-03 18:21:06.505243 - notification_schedule_organization-has been successfully completed.
2024-12-03 18:21:06.505261 - server Program finished successfully
2024-12-03 18:21:06.505277 - notification_schedule_organization-has been successfully completed.
2024-12-03 18:21:06.505516 - File renamed successfully
2024-12-04 15:20:02.123743 - server Program started
2024-12-04 15:20:02.124064 - server Preparing paths and directories
2024-12-04 15:20:02.124134 - Setting up WebDriver
2024-12-04 15:20:02.317950 - Logged in and navigating to the download page
2024-12-04 15:21:01.655601 - File renamed successfully
2024-12-04 15:21:07.656273 - server Processing and analyzing data
2024-12-04 15:21:08.964201 - No_updates- no need to send any emails
2024-12-04 15:21:08.964245 - notification_schedule_organization-has been successfully completed.
2024-12-04 15:21:08.964262 - server Program finished successfully
2024-12-04 15:21:08.964276 - notification_schedule_organization-has been successfully completed.
2024-12-04 15:21:08.965163 - File renamed successfully
2024-12-04 18:20:02.204596 - server Program started
2024-12-04 18:20:02.204916 - server Preparing paths and directories
2024-12-04 18:20:02.205039 - Setting up WebDriver
2024-12-04 18:20:02.417776 - Logged in and navigating to the download page
2024-12-04 18:21:00.637242 - File renamed successfully
2024-12-04 18:21:06.637781 - server Processing and analyzing data
2024-12-04 18:21:07.925209 - No_updates- no need to send any emails
2024-12-04 18:21:07.925256 - notification_schedule_organization-has been successfully completed.
2024-12-04 18:21:07.925274 - server Program finished successfully
2024-12-04 18:21:07.925294 - notification_schedule_organization-has been successfully completed.
2024-12-04 18:21:07.926044 - File renamed successfully
2024-12-05 15:20:02.050927 - server Program started
2024-12-05 15:20:02.051571 - server Preparing paths and directories
2024-12-05 15:20:02.051656 - Setting up WebDriver
2024-12-05 15:20:02.264864 - Logged in and navigating to the download page
2024-12-05 15:21:01.471411 - File renamed successfully
2024-12-05 15:21:07.472009 - server Processing and analyzing data
2024-12-05 15:21:08.724704 - No_updates- no need to send any emails
2024-12-05 15:21:08.724752 - notification_schedule_organization-has been successfully completed.
2024-12-05 15:21:08.724770 - server Program finished successfully
2024-12-05 15:21:08.724785 - notification_schedule_organization-has been successfully completed.
2024-12-05 15:21:08.724965 - File renamed successfully
2024-12-05 18:20:01.602243 - server Program started
2024-12-05 18:20:01.602312 - server Preparing paths and directories
2024-12-05 18:20:01.602375 - Setting up WebDriver
2024-12-05 18:20:01.808680 - Logged in and navigating to the download page
2024-12-05 18:21:01.322502 - File renamed successfully
2024-12-05 18:21:07.323115 - server Processing and analyzing data
2024-12-05 18:21:08.559575 - No_updates- no need to send Any emails
2024-12-05 18:21:08.559620 - server Program finished successfully
2024-12-05 18:21:08.559637 - notification_schedule_organization-has been successfully completed.
2024-12-05 18:21:08.559877 - File renamed successfully
2024-12-06 15:20:01.993969 - server Program started
2024-12-06 15:20:01.994832 - server Preparing paths and directories
2024-12-06 15:20:01.994939 - Setting up WebDriver
2024-12-06 15:20:02.217851 - Logged in and navigating to the download page
2024-12-06 15:21:00.374280 - File renamed successfully
2024-12-06 15:21:06.374881 - server Processing and analyzing data
2024-12-06 15:21:07.607750 - No_updates- no need to send any emails
2024-12-06 15:21:07.607809 - notification_schedule_organization-has been successfully completed.
2024-12-06 15:21:07.607828 - server Program finished successfully
2024-12-06 15:21:07.607844 - notification_schedule_organization-has been successfully completed.
2024-12-06 15:21:07.608009 - File renamed successfully
2024-12-06 18:20:02.075589 - server Program started
2024-12-06 18:20:02.075640 - server Preparing paths and directories
2024-12-06 18:20:02.075706 - Setting up WebDriver
2024-12-06 18:20:02.265542 - Logged in and navigating to the download page
2024-12-06 18:21:02.107294 - File renamed successfully
2024-12-06 18:21:08.107904 - server Processing and analyzing data
2024-12-06 18:21:09.316716 - No_updates- no need to send any emails
2024-12-06 18:21:09.316764 - notification_schedule_organization-has been successfully completed.
2024-12-06 18:21:09.316781 - server Program finished successfully
2024-12-06 18:21:09.316807 - notification_schedule_organization-has been successfully completed.
2024-12-06 18:21:09.317031 - File renamed successfully
2024-12-07 15:20:01.848243 - server Program started
2024-12-07 15:20:01.848521 - server Preparing paths and directories
2024-12-07 15:20:01.848588 - Setting up WebDriver
2024-12-07 15:20:02.058353 - Logged in and navigating to the download page
2024-12-07 15:21:01.829899 - File renamed successfully
2024-12-07 15:21:07.830444 - server Processing and analyzing data
2024-12-07 15:21:09.009784 - No_updates- no need to send any emails
2024-12-07 15:21:09.009845 - notification_schedule_organization-has been successfully completed.
2024-12-07 15:21:09.009867 - server Program finished successfully
2024-12-07 15:21:09.009888 - notification_schedule_organization-has been successfully completed.
2024-12-07 15:21:09.010718 - File renamed successfully
2024-12-07 18:20:01.790802 - server Program started
2024-12-07 18:20:01.791074 - server Preparing paths and directories
2024-12-07 18:20:01.791144 - Setting up WebDriver
2024-12-07 18:20:02.010018 - Logged in and navigating to the download page
2024-12-07 18:21:01.877232 - File renamed successfully
2024-12-07 18:21:07.877540 - server Processing and analyzing data
2024-12-07 18:21:09.082875 - No_updates- no need to send any emails
2024-12-07 18:21:09.082923 - notification_schedule_organization-has been successfully completed.
2024-12-07 18:21:09.082941 - server Program finished successfully
2024-12-07 18:21:09.082956 - notification_schedule_organization-has been successfully completed.
2024-12-07 18:21:09.083126 - File renamed successfully
2024-12-08 15:20:01.671458 - server Program started
2024-12-08 15:20:01.671728 - server Preparing paths and directories
2024-12-08 15:20:01.671795 - Setting up WebDriver
2024-12-08 15:20:01.875743 - Logged in and navigating to the download page
2024-12-08 15:21:01.778971 - File renamed successfully
2024-12-08 15:21:07.779289 - server Processing and analyzing data
2024-12-08 15:21:08.970567 - No_updates- no need to send any emails
2024-12-08 15:21:08.970617 - notification_schedule_organization-has been successfully completed.
2024-12-08 15:21:08.970635 - server Program finished successfully
2024-12-08 15:21:08.970651 - notification_schedule_organization-has been successfully completed.
2024-12-08 15:21:08.971001 - File renamed successfully
2024-12-08 18:20:02.067297 - server Program started
2024-12-08 18:20:02.068326 - server Preparing paths and directories
2024-12-08 18:20:02.068441 - Setting up WebDriver
2024-12-08 18:20:02.269369 - Logged in and navigating to the download page
2024-12-08 18:21:02.351418 - File renamed successfully
2024-12-08 18:21:08.352055 - server Processing and analyzing data
2024-12-08 18:21:09.533509 - No_updates- no need to send any emails
2024-12-08 18:21:09.533577 - notification_schedule_organization-has been successfully completed.
2024-12-08 18:21:09.533606 - server Program finished successfully
2024-12-08 18:21:09.533631 - notification_schedule_organization-has been successfully completed.
2024-12-08 18:21:09.533809 - File renamed successfully
2024-12-09 15:20:01.707445 - server Program started
2024-12-09 15:20:01.707715 - server Preparing paths and directories
2024-12-09 15:20:01.707786 - Setting up WebDriver
2024-12-09 15:20:01.901298 - Logged in and navigating to the download page
2024-12-09 15:21:01.552686 - File renamed successfully
2024-12-09 15:21:07.553321 - server Processing and analyzing data
2024-12-09 15:21:08.749222 - New updates found - preparing email content
2024-12-09 15:21:08.811531 - Sending emails to banks
2024-12-09 15:21:12.683662 - Email sent to alanoud.alameeri@citi.com;kaltham.a.ali@citi.com with CC to 
2024-12-09 15:21:12.683789 - Emails sent to banks
2024-12-09 15:21:12.683832 - Sending emails to participants
2024-12-09 15:21:16.265055 - Email sent to anoudalameeri@hotmail.com with CC to 
2024-12-09 15:21:16.265230 - server Emails sent to participants
2024-12-09 15:21:16.265272 - server Program finished successfully
2024-12-09 15:21:16.265306 - notification_schedule_organization-has been successfully completed.
2024-12-09 15:21:16.265532 - File renamed successfully
2024-12-09 15:21:16.265629 - Deleted file: /home/ahmedb/home/ahmedb/OneDrive/linux_files/Project/notification_schedule_organization_process/full.report_changed.xlsx
2024-12-09 15:21:16.265699 - Deleted file: /home/ahmedb/home/ahmedb/OneDrive/linux_files/Project/notification_schedule_organization_process/Send_to_part.xlsx
2024-12-09 15:21:16.265745 - Deleted file: /home/ahmedb/home/ahmedb/OneDrive/linux_files/Project/notification_schedule_organization_process/Send_Staff.xlsx
2024-12-09 15:21:16.265791 - Deleted file: /home/ahmedb/home/ahmedb/OneDrive/linux_files/Project/notification_schedule_organization_process/bank_DATA_SEND.xlsx
2024-12-09 18:20:02.181294 - server Program started
2024-12-09 18:20:02.182379 - server Preparing paths and directories
2024-12-09 18:20:02.182582 - Setting up WebDriver
2024-12-09 18:20:02.394888 - Logged in and navigating to the download page
2024-12-09 18:21:01.718639 - File renamed successfully
2024-12-09 18:21:07.719254 - server Processing and analyzing data
2024-12-09 18:21:08.903860 - No_updates- no need to send any emails
2024-12-09 18:21:08.903912 - notification_schedule_organization-has been successfully completed.
2024-12-09 18:21:08.903930 - server Program finished successfully
2024-12-09 18:21:08.903945 - notification_schedule_organization-has been successfully completed.
2024-12-09 18:21:08.904182 - File renamed successfully
2024-12-10 15:20:01.509229 - server Program started
2024-12-10 15:20:01.513945 - server Preparing paths and directories
2024-12-10 15:20:01.514115 - Setting up WebDriver
2024-12-10 15:20:01.724232 - Logged in and navigating to the download page
2024-12-10 15:21:01.745161 - File renamed successfully
2024-12-10 15:21:07.745753 - server Processing and analyzing data
2024-12-10 15:21:08.904416 - No_updates- no need to send any emails
2024-12-10 15:21:08.904466 - notification_schedule_organization-has been successfully completed.
2024-12-10 15:21:08.904484 - server Program finished successfully
2024-12-10 15:21:08.904499 - notification_schedule_organization-has been successfully completed.
2024-12-10 15:21:08.905201 - File renamed successfully
2024-12-10 18:20:01.503461 - server Program started
2024-12-10 18:20:01.504252 - server Preparing paths and directories
2024-12-10 18:20:01.504327 - Setting up WebDriver
2024-12-10 18:20:01.729786 - Logged in and navigating to the download page
2024-12-10 18:21:01.202845 - File renamed successfully
2024-12-10 18:21:07.203319 - server Processing and analyzing data
2024-12-10 18:21:08.358467 - No_updates- no need to send any emails
2024-12-10 18:21:08.358514 - notification_schedule_organization-has been successfully completed.
2024-12-10 18:21:08.358531 - server Program finished successfully
2024-12-10 18:21:08.358547 - notification_schedule_organization-has been successfully completed.
2024-12-10 18:21:08.358764 - File renamed successfully
2024-12-11 15:20:02.076746 - server Program started
2024-12-11 15:20:02.077371 - server Preparing paths and directories
2024-12-11 15:20:02.077474 - Setting up WebDriver
2024-12-11 15:20:02.291094 - Logged in and navigating to the download page
2024-12-11 15:21:02.025022 - File renamed successfully
2024-12-11 15:21:08.025619 - server Processing and analyzing data
2024-12-11 15:21:09.157848 - No_updates- no need to send any emails
2024-12-11 15:21:09.157893 - notification_schedule_organization-has been successfully completed.
2024-12-11 15:21:09.157911 - server Program finished successfully
2024-12-11 15:21:09.157926 - notification_schedule_organization-has been successfully completed.
2024-12-11 15:21:09.158086 - File renamed successfully
2024-12-11 18:20:01.657170 - server Program started
2024-12-11 18:20:01.657893 - server Preparing paths and directories
2024-12-11 18:20:01.657964 - Setting up WebDriver
2024-12-11 18:20:01.872279 - Logged in and navigating to the download page
2024-12-11 18:21:01.890711 - File renamed successfully
2024-12-11 18:21:07.891320 - server Processing and analyzing data
2024-12-11 18:21:09.022789 - No_updates- no need to send any emails
2024-12-11 18:21:09.022837 - notification_schedule_organization-has been successfully completed.
2024-12-11 18:21:09.022856 - server Program finished successfully
2024-12-11 18:21:09.022886 - notification_schedule_organization-has been successfully completed.
2024-12-11 18:21:09.023051 - File renamed successfully
2024-12-12 15:20:02.326173 - server Program started
2024-12-12 15:20:02.328099 - server Preparing paths and directories
2024-12-12 15:20:02.328217 - Setting up WebDriver
2024-12-12 15:20:02.520150 - Logged in and navigating to the download page
2024-12-12 15:21:03.320727 - File renamed successfully
2024-12-12 15:21:09.321082 - server Processing and analyzing data
2024-12-12 15:21:10.426356 - No_updates- no need to send any emails
2024-12-12 15:21:10.426404 - notification_schedule_organization-has been successfully completed.
2024-12-12 15:21:10.426422 - server Program finished successfully
2024-12-12 15:21:10.426437 - notification_schedule_organization-has been successfully completed.
2024-12-12 15:21:10.431349 - File renamed successfully
2024-12-12 18:20:02.390515 - server Program started
2024-12-12 18:20:02.391927 - server Preparing paths and directories
2024-12-12 18:20:02.392001 - Setting up WebDriver
2024-12-12 18:20:02.612091 - Logged in and navigating to the download page
2024-12-12 18:21:03.175103 - File renamed successfully
2024-12-12 18:21:09.175828 - server Processing and analyzing data
2024-12-12 18:21:10.292082 - New updates found - preparing email content
2024-12-12 18:21:10.357651 - Sending emails to banks
2024-12-12 18:21:13.661474 - Email sent to abdul@desert-exchange.com;sathiya@desert-exchange.com;stalin@desert-exchange.com with CC to 
2024-12-12 18:21:17.037183 - Email sent to Shadiya.aboobacker@almadallah.ae with CC to 
2024-12-12 18:21:20.522577 - Email sent to Onood.Almarzooqi@alfuttaim.ae with CC to 
2024-12-12 18:21:20.522696 - Emails sent to banks
2024-12-12 18:21:20.522737 - Sending emails to participants
2024-12-12 18:21:23.904835 - Email sent to Hessa.Alblooshi@alfuttaim.com with CC to 
2024-12-12 18:21:27.793474 - Email sent to Hamda.Ashoor@alfuttaim.com with CC to 
2024-12-12 18:21:31.589871 - Email sent to ghala@desert-exchange.com with CC to 
2024-12-12 18:21:35.163470 - Email sent to Nada.Karim@almadallah.ae with CC to 
2024-12-12 18:21:38.528451 - Email sent to amna.y@almadallah.ae with CC to 
2024-12-12 18:21:41.925837 - Email sent to NOUF.KHAMIS@ALFUTTAIM.COM with CC to 
2024-12-12 18:21:45.199617 - Email sent to Aaesha.Bumayyan@alfuttaim.com with CC to 
2024-12-12 18:21:48.590838 - Email sent to AYSHA.ALSHAMSI@ALFUTTAIM.COM with CC to 
2024-12-12 18:21:48.590941 - server Emails sent to participants
2024-12-12 18:21:48.590960 - server Program finished successfully
2024-12-12 18:21:48.590975 - notification_schedule_organization-has been successfully completed.
2024-12-12 18:21:48.591241 - File renamed successfully
2024-12-12 18:21:48.591359 - Deleted file: /home/ahmedb/home/ahmedb/OneDrive/linux_files/Project/notification_schedule_organization_process/full.report_changed.xlsx
2024-12-12 18:21:48.591416 - Deleted file: /home/ahmedb/home/ahmedb/OneDrive/linux_files/Project/notification_schedule_organization_process/Send_to_part.xlsx
2024-12-12 18:21:48.591463 - Deleted file: /home/ahmedb/home/ahmedb/OneDrive/linux_files/Project/notification_schedule_organization_process/Send_Staff.xlsx
2024-12-12 18:21:48.591507 - Deleted file: /home/ahmedb/home/ahmedb/OneDrive/linux_files/Project/notification_schedule_organization_process/bank_DATA_SEND.xlsx
2024-12-13 15:20:01.653210 - server Program started
2024-12-13 15:20:01.654054 - server Preparing paths and directories
2024-12-13 15:20:01.654607 - Setting up WebDriver
2024-12-13 15:20:01.866782 - Logged in and navigating to the download page
2024-12-13 15:20:59.626339 - File renamed successfully
2024-12-13 15:21:05.626628 - server Processing and analyzing data
2024-12-13 15:21:06.756487 - No_updates- no need to send Any emails
2024-12-13 15:21:06.756545 - server Program finished successfully
2024-12-13 15:21:06.756575 - notification_schedule_organization-has been successfully completed.
2024-12-13 15:21:06.756963 - File renamed successfully
2024-12-13 18:20:01.899725 - server Program started
2024-12-13 18:20:01.900438 - server Preparing paths and directories
2024-12-13 18:20:01.900507 - Setting up WebDriver
2024-12-13 18:20:02.111645 - Logged in and navigating to the download page
2024-12-13 18:21:00.698410 - File renamed successfully
2024-12-13 18:21:06.698917 - server Processing and analyzing data
2024-12-13 18:21:07.821642 - No_updates- no need to send any emails
2024-12-13 18:21:07.821689 - notification_schedule_organization-has been successfully completed.
2024-12-13 18:21:07.821707 - server Program finished successfully
2024-12-13 18:21:07.821723 - notification_schedule_organization-has been successfully completed.
2024-12-13 18:21:07.821937 - File renamed successfully
2024-12-14 15:20:02.016380 - server Program started
2024-12-14 15:20:02.017223 - server Preparing paths and directories
2024-12-14 15:20:02.017298 - Setting up WebDriver
2024-12-14 15:20:02.204398 - Logged in and navigating to the download page
2024-12-14 15:21:00.362074 - File renamed successfully
2024-12-14 15:21:06.362674 - server Processing and analyzing data
2024-12-14 15:21:07.497414 - No_updates- no need to send any emails
2024-12-14 15:21:07.497461 - notification_schedule_organization-has been successfully completed.
2024-12-14 15:21:07.497479 - server Program finished successfully
2024-12-14 15:21:07.497494 - notification_schedule_organization-has been successfully completed.
2024-12-14 15:21:07.497867 - File renamed successfully
2024-12-14 18:20:01.939058 - server Program started
2024-12-14 18:20:01.939462 - server Preparing paths and directories
2024-12-14 18:20:01.939538 - Setting up WebDriver
2024-12-14 18:20:02.226305 - Logged in and navigating to the download page
2024-12-14 18:20:59.942638 - File renamed successfully
2024-12-14 18:21:05.942893 - server Processing and analyzing data
2024-12-14 18:21:07.128225 - No_updates- no need to send any emails
2024-12-14 18:21:07.128278 - notification_schedule_organization-has been successfully completed.
2024-12-14 18:21:07.128303 - server Program finished successfully
2024-12-14 18:21:07.128325 - notification_schedule_organization-has been successfully completed.
2024-12-14 18:21:07.128494 - File renamed successfully
2024-12-14 23:07:04.620571 - server Program started
2024-12-14 23:07:04.622325 - server Preparing paths and directories
2024-12-14 23:07:04.622512 - Setting up WebDriver
2024-12-14 23:07:04.827224 - Logged in and navigating to the download page
2024-12-14 23:08:02.629199 - File renamed successfully
2024-12-14 23:08:08.629768 - server Processing and analyzing data
2024-12-14 23:08:09.759508 - New updates found - preparing email content
2024-12-14 23:08:09.783474 - An error occurred: [Errno 2] No such file or directory: '/home/ahmedb/home/ahmedb/OneDrive/linux_files/Project/Main_source_emails/DATA_BASE.xlsx'
2024-12-14 23:08:09.783663 - File renamed successfully
2024-12-14 23:08:09.783728 - Deleted file: /home/ahmedb/home/ahmedb/OneDrive/linux_files/Project/notification_schedule_organization_process/full.report_changed.xlsx
2024-12-14 23:16:11.200776 - server Program started
2024-12-14 23:16:11.200846 - server Preparing paths and directories
2024-12-14 23:16:11.200925 - Setting up WebDriver
2024-12-14 23:16:11.400634 - Logged in and navigating to the download page
2024-12-14 23:17:11.010565 - File renamed successfully
2024-12-14 23:17:17.011222 - server Processing and analyzing data
2024-12-14 23:17:18.139197 - New updates found - preparing email content
2024-12-14 23:17:18.159717 - An error occurred: [Errno 2] No such file or directory: '/home/ahmedb/home/ahmedb/OneDrive/linux_files/Project/Main_source_emails/DATA_BASE.xlsx'
2024-12-14 23:17:18.159922 - File renamed successfully
2024-12-14 23:17:18.159999 - Deleted file: /home/ahmedb/home/ahmedb/OneDrive/linux_files/Project/notification_schedule_organization_process/full.report_changed.xlsx
2024-12-14 23:19:56.983566 - server Program started
2024-12-14 23:19:56.983628 - server Preparing paths and directories
2024-12-14 23:19:56.983707 - Setting up WebDriver
2024-12-14 23:19:57.185386 - Logged in and navigating to the download page
2024-12-14 23:20:57.474759 - File renamed successfully
2024-12-14 23:21:03.475368 - server Processing and analyzing data
2024-12-14 23:21:04.600207 - No_updates- no need to send any emails
2024-12-14 23:21:04.600266 - notification_schedule_organization-has been successfully completed.
2024-12-14 23:21:04.600289 - server Program finished successfully
2024-12-14 23:21:04.600309 - notification_schedule_organization-has been successfully completed.
2024-12-14 23:21:04.600530 - File renamed successfully
2024-12-14 23:27:00.522937 - server Program started
2024-12-14 23:27:00.522999 - server Preparing paths and directories
2024-12-14 23:27:00.523078 - Setting up WebDriver
2024-12-14 23:27:00.739476 - Logged in and navigating to the download page
2024-12-14 23:27:58.091973 - File renamed successfully
2024-12-14 23:28:04.092580 - server Processing and analyzing data
2024-12-14 23:28:05.217775 - No_updates- no need to send any emails
2024-12-14 23:28:05.217831 - notification_schedule_organization-has been successfully completed.
2024-12-14 23:28:05.217855 - server Program finished successfully
2024-12-14 23:28:05.217875 - notification_schedule_organization-has been successfully completed.
2024-12-14 23:28:05.218096 - File renamed successfully
2024-12-14 23:33:05.376141 - server Program started
2024-12-14 23:33:05.376215 - server Preparing paths and directories
2024-12-14 23:33:05.376297 - Setting up WebDriver
2024-12-14 23:33:05.589124 - Logged in and navigating to the download page
2024-12-14 23:34:05.525324 - File renamed successfully
2024-12-14 23:34:11.525943 - server Processing and analyzing data
2024-12-14 23:34:12.661062 - New updates found - preparing email content
2024-12-14 23:34:12.710900 - Sending emails to banks
2024-12-14 23:34:17.031860 - Email sent to hanan.ali@alliance-uae.com;meera.alshemeili@alliance-uae.com with CC to 
2024-12-14 23:34:20.925551 - Email sent to ffernandes@eminsco.com;lailab@eminsco.com;melaroussi@eminsco.com;ssimoes@eminsco.com with CC to 
2024-12-14 23:34:24.919699 - Email sent to m.qaiser@takafulemarat.com;n.alshamsi@takafulemarat.com with CC to 
2024-12-14 23:34:24.919857 - Emails sent to banks
2024-12-14 23:34:24.919882 - Sending emails to participants
2024-12-14 23:34:24.924336 - An error occurred: 'SEND_EMAIL TO STAFF'
2024-12-14 23:34:24.924587 - File renamed successfully
2024-12-14 23:34:24.924681 - Deleted file: /home/ahmedb/home/ahmedb/OneDrive/linux_files/Project/notification_schedule_organization_process/full.report_changed.xlsx
2024-12-14 23:34:24.924739 - Deleted file: /home/ahmedb/home/ahmedb/OneDrive/linux_files/Project/notification_schedule_organization_process/Send_Staff.xlsx
2024-12-14 23:34:24.924793 - Deleted file: /home/ahmedb/home/ahmedb/OneDrive/linux_files/Project/notification_schedule_organization_process/bank_DATA_SEND.xlsx
2024-12-14 23:44:00.884389 - server Program started
2024-12-14 23:44:00.884450 - server Preparing paths and directories
2024-12-14 23:44:00.884646 - Setting up WebDriver
2024-12-14 23:44:01.103281 - Logged in and navigating to the download page
2024-12-14 23:44:59.418399 - File renamed successfully
2024-12-14 23:45:05.418977 - server Processing and analyzing data
2024-12-14 23:45:06.544473 - New updates found - preparing email content
2024-12-14 23:45:06.591628 - Sending emails to banks
2024-12-14 23:45:10.634931 - Email sent to maryam.albadi@adcb.com with CC to 
2024-12-14 23:45:14.522844 - Email sent to fatma.alnuaimi@eibank.com;jyoti.edwards@eibank.com;sajda.barwin@eibank.com with CC to 
2024-12-14 23:45:18.825211 - Email sent to alanoud.alameeri@citi.com;alia.alteneiji@citi.com;kaltham.a.ali@citi.com;safia.almahri@citi.com with CC to 
2024-12-14 23:45:22.510704 - Email sent to ashutosh.pradhan@sc.com;rubawalid.alsawalhi@sc.com;vimal.manualraj@sc.com;w.sheenajoyce@sc.com with CC to 
2024-12-14 23:45:26.809624 - Email sent to hakima.m@ajmanbank.ae with CC to 
2024-12-14 23:45:30.496655 - Email sent to adcosta.s@wio.io;zmekky@wio.io with CC to 
2024-12-14 23:45:30.496774 - Emails sent to banks
2024-12-14 23:45:30.496842 - Sending emails to participants
2024-12-14 23:45:33.671838 - Email sent to NOOR.HAMEED@ADCB.COM with CC to 
2024-12-14 23:45:37.563675 - Email sent to soud.alali@eibank.com with CC to 
2024-12-14 23:45:41.151259 - Email sent to anoudalameeri@hotmail.com with CC to 
2024-12-14 23:45:44.626765 - Email sent to FuttaimYaqoub.Alnaqbi@sc.com with CC to 
2024-12-14 23:45:48.316298 - Email sent to suad_T@AjmanBank.ae with CC to 
2024-12-14 23:45:51.999997 - Email sent to aanil.s@wio.io with CC to 
2024-12-14 23:45:52.000170 - server Emails sent to participants
2024-12-14 23:45:52.000248 - server Program finished successfully
2024-12-14 23:45:52.000292 - notification_schedule_organization-has been successfully completed.
2024-12-14 23:45:52.001048 - File renamed successfully
2024-12-14 23:45:52.001174 - Deleted file: /home/ahmedb/home/ahmedb/OneDrive/linux_files/Project/notification_schedule_organization_process/full.report_changed.xlsx
2024-12-14 23:45:52.001249 - Deleted file: /home/ahmedb/home/ahmedb/OneDrive/linux_files/Project/notification_schedule_organization_process/Send_to_part.xlsx
2024-12-14 23:45:52.001304 - Deleted file: /home/ahmedb/home/ahmedb/OneDrive/linux_files/Project/notification_schedule_organization_process/Send_Staff.xlsx
2024-12-14 23:45:52.001356 - Deleted file: /home/ahmedb/home/ahmedb/OneDrive/linux_files/Project/notification_schedule_organization_process/bank_DATA_SEND.xlsx
2024-12-15 15:20:02.130664 - server Program started
2024-12-15 15:20:02.131393 - server Preparing paths and directories
2024-12-15 15:20:02.132589 - Setting up WebDriver
2024-12-15 15:20:02.324906 - Logged in and navigating to the download page
2024-12-15 15:21:02.067475 - File renamed successfully
2024-12-15 15:21:08.068062 - server Processing and analyzing data
2024-12-15 15:21:09.205272 - No_updates- no need to send any emails
2024-12-15 15:21:09.205318 - notification_schedule_organization-has been successfully completed.
2024-12-15 15:21:09.205336 - server Program finished successfully
2024-12-15 15:21:09.205351 - notification_schedule_organization-has been successfully completed.
2024-12-15 15:21:09.205515 - File renamed successfully
2024-12-15 18:20:01.909118 - server Program started
2024-12-15 18:20:01.909805 - server Preparing paths and directories
2024-12-15 18:20:01.909903 - Setting up WebDriver
2024-12-15 18:20:02.099360 - Logged in and navigating to the download page
2024-12-15 18:21:00.566819 - File renamed successfully
2024-12-15 18:21:06.567451 - server Processing and analyzing data
2024-12-15 18:21:07.719934 - No_updates- no need to send any emails
2024-12-15 18:21:07.719982 - notification_schedule_organization-has been successfully completed.
2024-12-15 18:21:07.720001 - server Program finished successfully
2024-12-15 18:21:07.720016 - notification_schedule_organization-has been successfully completed.
2024-12-15 18:21:07.720187 - File renamed successfully
2024-12-16 15:20:02.220422 - server Program started
2024-12-16 15:20:02.221357 - server Preparing paths and directories
2024-12-16 15:20:02.221436 - Setting up WebDriver
2024-12-16 15:20:02.418214 - Logged in and navigating to the download page
2024-12-16 15:21:02.147975 - File renamed successfully
2024-12-16 15:21:08.148487 - server Processing and analyzing data
2024-12-16 15:21:09.313033 - New updates found - preparing email content
2024-12-16 15:21:09.375460 - Sending emails to banks
2024-12-16 15:21:14.087167 - Email sent to elgymol.eldhose@alsagrins.ae;hr@alsagrins.ae with CC to 
2024-12-16 15:21:17.772716 - Email sent to pooja.palande@gig-gulf.com;shireen.khamiss@gig-gulf.com with CC to 
2024-12-16 15:21:23.585767 - Email sent to irene.nashef@unic-aiaw.com;meera.taher@unic-aiaw.com with CC to 
2024-12-16 15:21:27.297766 - Email sent to don.vimal@americanexpress.ae with CC to 
2024-12-16 15:21:31.795896 - Email sent to aco@alrazoukiexchange.com;compliance@alrazoukiexchange.com;dilip@alrazoukiexchange.com;hr@alrazoukiexchange.com;pradeesh@alrazoukiexchange.com;rashed@alrazoukiexchange.com with CC to 
2024-12-16 15:21:37.739713 - Email sent to gerson.dsouza2@cigna.com;mehrsupport@cigna.com with CC to 
2024-12-16 15:21:42.039651 - Email sent to armando.andrade@willistowerswatson.com;asim.ahmed@willistowerswatson.com;atif.khan@willistowerswatson.com with CC to 
2024-12-16 15:21:45.723120 - Email sent to ldarwish@chedid-capital.com with CC to 
2024-12-16 15:21:49.306525 - Email sent to hr@desert-exchange.com with CC to 
2024-12-16 15:21:52.807172 - Email sent to compliance@cityexchangeuae.com;gm@cityexchangeuae.com;hr@cityexchangeuae.com;info@cityexchangeuae.com with CC to 
2024-12-16 15:21:52.807304 - Emails sent to banks
2024-12-16 15:21:52.807352 - Sending emails to participants
2024-12-16 15:21:56.419285 - Email sent to sara.almanaei@alsagrins.ae with CC to 
2024-12-16 15:22:00.055143 - Email sent to Amira-81@hotmail.com with CC to 
2024-12-16 15:22:03.642181 - Email sent to aysha.alblooshi.ext@gig-gulf.com with CC to 
2024-12-16 15:22:07.123679 - Email sent to khalifa.ali.ext@gig-gulf.com with CC to 
2024-12-16 15:22:10.809539 - Email sent to maryam.Almazrouei@gig-gulf.com with CC to 
2024-12-16 15:22:14.452453 - Email sent to Fatheya.Sharaf@gig-gulf.com with CC to 
2024-12-16 15:22:18.280046 - Email sent to fatma.alnuaimi@gig-gulf.com with CC to 
2024-12-16 15:22:22.071580 - Email sent to ahlam.almahri@unic-aiaw.com with CC to 
2024-12-16 15:22:25.861521 - Email sent to Salma.AlMutaiwei@americanexpress.ae with CC to 
2024-12-16 15:22:29.853302 - Email sent to Shaikha.AlKhayyal@americanexpress.ae with CC to 
2024-12-16 15:22:33.542603 - Email sent to Shaikha.AlKaabi@americanexpress.ae with CC to 
2024-12-16 15:22:37.226110 - Email sent to Ghalya.Saeed@americanexpress.ae with CC to 
2024-12-16 15:22:40.912139 - Email sent to Khulood.AlZaabi@americanexpress.ae with CC to 
2024-12-16 15:22:44.601339 - Email sent to Mariam.AlSaadi@americanexpress.ae with CC to 
2024-12-16 15:22:48.388782 - Email sent to Nazha.Joumma@americanexpress.ae with CC to 
2024-12-16 15:22:51.974204 - Email sent to Zahrah.AlZaabi@americanexpress.ae with CC to 
2024-12-16 15:22:55.657571 - Email sent to Amira.Mohamed@americanexpress.ae with CC to 
2024-12-16 15:22:59.347206 - Email sent to Noora.AlFalasi@americanexpress.ae with CC to 
2024-12-16 15:23:02.419764 - Email sent to noreply@eif.gov.ae with CC to 
2024-12-16 15:23:06.103767 - Email sent to emtrazoukiabudhabi@gmail.com with CC to 
2024-12-16 15:23:09.893397 - Email sent to rashed@alrazoukiexchange.com with CC to 
2024-12-16 15:23:13.475038 - Email sent to Hsaif-44@hotmail.com with CC to 
2024-12-16 15:23:17.162515 - Email sent to siham.wehbe@cignahealthcare.com with CC to 
2024-12-16 15:23:20.745182 - Email sent to fatma.sultan@cignahealthcare.com with CC to 
2024-12-16 15:23:24.451384 - Email sent to ahmed.alhalyan@willistowerswatson.com with CC to 
2024-12-16 15:23:28.116965 - Email sent to basema.salem@willistowerswatson.com with CC to 
2024-12-16 15:23:31.299880 - Email sent to roqayyah.khaled@willistowerswatson.com with CC to 
2024-12-16 15:23:34.675271 - Email sent to mohamed.almahmoud@willistowerswatson.com with CC to 
2024-12-16 15:23:38.280586 - Email sent to maryam.almaazmi@willistowerswatson.com with CC to 
2024-12-16 15:23:42.043835 - Email sent to Fatima.AlHosani@WillisTowersWatson.com with CC to 
2024-12-16 15:23:45.623328 - Email sent to asma.ali@willistowerswatson.com with CC to 
2024-12-16 15:23:49.210571 - Email sent to aishah.alyammahi@willistowerswatson.com with CC to 
2024-12-16 15:23:52.794086 - Email sent to mohamed.aljaberi@willistowerswatson.com with CC to 
2024-12-16 15:23:56.480013 - Email sent to maryam.salem@willistowerswatson.com with CC to 
2024-12-16 15:23:59.650984 - Email sent to nouf.alansaari@willistowerswatson.com with CC to 
2024-12-16 15:24:03.138376 - Email sent to mahrah.alblooshi@willistowerswatson.com with CC to 
2024-12-16 15:24:06.106634 - Email sent to mamiri@chedidre.com with CC to 
2024-12-16 15:24:09.693081 - Email sent to malahbabi@chedidre.com with CC to 
2024-12-16 15:24:13.051543 - Email sent to ghala@desert-exchange.com with CC to 
2024-12-16 15:24:16.755572 - Email sent to roudha.alketbi.14@hotmail.com with CC to 
2024-12-16 15:24:16.755709 - server Emails sent to participants
2024-12-16 15:24:16.755743 - server Program finished successfully
2024-12-16 15:24:16.755773 - notification_schedule_organization-has been successfully completed.
2024-12-16 15:24:16.756461 - File renamed successfully
2024-12-16 15:24:16.756561 - Deleted file: /home/ahmedb/home/ahmedb/OneDrive/linux_files/Project/notification_schedule_organization_process/full.report_changed.xlsx
2024-12-16 15:24:16.756611 - Deleted file: /home/ahmedb/home/ahmedb/OneDrive/linux_files/Project/notification_schedule_organization_process/Send_to_part.xlsx
2024-12-16 15:24:16.756654 - Deleted file: /home/ahmedb/home/ahmedb/OneDrive/linux_files/Project/notification_schedule_organization_process/Send_Staff.xlsx
2024-12-16 15:24:16.756699 - Deleted file: /home/ahmedb/home/ahmedb/OneDrive/linux_files/Project/notification_schedule_organization_process/bank_DATA_SEND.xlsx
2024-12-16 18:20:01.481482 - server Program started
2024-12-16 18:20:01.482129 - server Preparing paths and directories
2024-12-16 18:20:01.484748 - Setting up WebDriver
2024-12-16 18:20:01.695019 - Logged in and navigating to the download page
2024-12-16 18:21:01.614921 - File renamed successfully
2024-12-16 18:21:07.615533 - server Processing and analyzing data
2024-12-16 18:21:08.782104 - No_updates- no need to send any emails
2024-12-16 18:21:08.782151 - notification_schedule_organization-has been successfully completed.
2024-12-16 18:21:08.782169 - server Program finished successfully
2024-12-16 18:21:08.782184 - notification_schedule_organization-has been successfully completed.
2024-12-16 18:21:08.782413 - File renamed successfully
2024-12-17 15:20:01.841451 - server Program started
2024-12-17 15:20:01.841871 - server Preparing paths and directories
2024-12-17 15:20:01.841945 - Setting up WebDriver
2024-12-17 15:20:02.035766 - Logged in and navigating to the download page
2024-12-17 15:21:02.131375 - File renamed successfully
2024-12-17 15:21:08.131964 - server Processing and analyzing data
2024-12-17 15:21:09.301064 - New updates found - preparing email content
2024-12-17 15:21:09.354561 - Sending emails to banks
2024-12-17 15:21:14.577922 - Email sent to gaurav.warman@ae.luluexchange.com;maryam.darwish@ae.luluexchange.com;michelle.quadros@ae.luluexchange.com;mohamed.fadl@ae.luluexchange.com with CC to 
2024-12-17 15:21:18.769941 - Email sent to aco@baniyasexchange.com;commentsviewingadmin@baniyasexchange.com;compliance@baniyasexchange.com with CC to 
2024-12-17 15:21:23.378641 - Email sent to emiratisation@fidelityunited.ae with CC to 
2024-12-17 15:21:27.064599 - Email sent to aalzahmi@aaib.com;mkhan@aaib.com with CC to 
2024-12-17 15:21:30.746218 - Email sent to kiran@anib.com;resmi@anib.com with CC to 
2024-12-17 15:21:34.438237 - Email sent to am@federalexchange.ae;dinesh@federalexchange.ae;gm@federalexchange.ae;hamad.qambarsalem@federalexchange.ae;hoaml@federalexchange.ae with CC to 
2024-12-17 15:21:38.123617 - Email sent to Registration@eif.gov.ae with CC to 
2024-12-17 15:21:38.123739 - Emails sent to banks
2024-12-17 15:21:38.123797 - Sending emails to participants
2024-12-17 15:21:41.811836 - Email sent to latifayy@gmail.com with CC to 
2024-12-17 15:21:45.499077 - Email sent to aisha863._@hotmail.com with CC to 
2024-12-17 15:21:49.810339 - Email sent to kholoud.naji18@gmail.com with CC to 
2024-12-17 15:21:55.742172 - Email sent to aljaberiyousef911@gmail.com with CC to 
2024-12-17 15:21:59.321137 - Email sent to salama.alnuaimi32@gmail.com with CC to 
2024-12-17 15:22:03.269445 - Email sent to nownanya@gmail.com with CC to 
2024-12-17 15:22:07.614274 - Email sent to salem2000domino@gmail.com with CC to 
2024-12-17 15:22:10.995596 - Email sent to reem.alshabibi@fidelityunited.ae with CC to 
2024-12-17 15:22:14.375003 - Email sent to moustafafahmy@aaib.com with CC to 
2024-12-17 15:22:18.471596 - Email sent to a.3lyouh88@hotmail.com with CC to 
2024-12-17 15:22:22.471513 - Email sent to a7med.a.1871@gmail.com with CC to 
2024-12-17 15:22:26.465511 - Email sent to Amxa45@outlook.com with CC to 
2024-12-17 15:22:30.038917 - Email sent to fatmahahaldhaheri02@gmail.com with CC to 
2024-12-17 15:22:33.731182 - Email sent to cot@live.com with CC to 
2024-12-17 15:22:37.414815 - Email sent to fmalamerii@gmail.com with CC to 
2024-12-17 15:22:41.102625 - Email sent to hend.almarzooqihm@gmail.com with CC to 
2024-12-17 15:22:45.094887 - Email sent to naiyool1234@icloud.com with CC to 
2024-12-17 15:22:48.786348 - Email sent to salwaalzwidi83@icloud.com with CC to 
2024-12-17 15:22:48.786425 - server Emails sent to participants
2024-12-17 15:22:48.786442 - server Program finished successfully
2024-12-17 15:22:48.786457 - notification_schedule_organization-has been successfully completed.
2024-12-17 15:22:48.786648 - File renamed successfully
2024-12-17 15:22:48.786779 - Deleted file: /home/ahmedb/home/ahmedb/OneDrive/linux_files/Project/notification_schedule_organization_process/full.report_changed.xlsx
2024-12-17 15:22:48.786832 - Deleted file: /home/ahmedb/home/ahmedb/OneDrive/linux_files/Project/notification_schedule_organization_process/Send_to_part.xlsx
2024-12-17 15:22:48.786877 - Deleted file: /home/ahmedb/home/ahmedb/OneDrive/linux_files/Project/notification_schedule_organization_process/Send_Staff.xlsx
2024-12-17 15:22:48.786922 - Deleted file: /home/ahmedb/home/ahmedb/OneDrive/linux_files/Project/notification_schedule_organization_process/bank_DATA_SEND.xlsx
2024-12-17 18:20:01.701193 - server Program started
2024-12-17 18:20:01.702494 - server Preparing paths and directories
2024-12-17 18:20:01.703495 - Setting up WebDriver
2024-12-17 18:20:01.904496 - Logged in and navigating to the download page
2024-12-17 18:21:01.619237 - File renamed successfully
2024-12-17 18:21:07.619734 - server Processing and analyzing data
2024-12-17 18:21:08.778763 - No_updates- no need to send any emails
2024-12-17 18:21:08.778810 - notification_schedule_organization-has been successfully completed.
2024-12-17 18:21:08.778828 - server Program finished successfully
2024-12-17 18:21:08.778844 - notification_schedule_organization-has been successfully completed.
2024-12-17 18:21:08.779056 - File renamed successfully
